<?xml version="1.0" encoding="UTF-8"?>
<!-- Generated by org.testng.reporters.JUnitXMLReporter -->
<testsuite ignored="0" hostname="VENKATs-MacBook-Air.local" failures="0" tests="2" name="Default test" time="96.241" errors="0" timestamp="2025-03-19T10:25:35 IST">
  <testcase classname="io.cucumber.testng.AbstractTestNGCucumberTests" name="runScenario" time="53.807"/>
  <testcase classname="io.cucumber.testng.AbstractTestNGCucumberTests" name="runScenario" time="42.013"/>
</testsuite> <!-- Default test -->
