<?xml version="1.0" encoding="UTF-8"?>
<testsuite xmlns:xsi="http://www.w3.org/2001/XMLSchema-instance" xsi:noNamespaceSchemaLocation="https://maven.apache.org/surefire/maven-surefire-plugin/xsd/surefire-test-report-3.0.xsd" version="3.0" name="TestSuite" time="801.028" tests="12" errors="0" skipped="0" failures="0">
  <properties>
[...]
</properties>
  <testcase name="runScenario[&quot;Register a new user and verifying account creation&quot;, &quot;User Registration and Login Functionality&quot;](1)" classname="final_runner.RegistrationRunner" time="86.417">
    <system-out><![CDATA[
Scenario Outline: Register a new user and verifying account creation                     # src/test/resources/features/1Registration.feature:19
  Given User navigates to the home page                                                  # stepDefinitions.UserRegistrationSteps.user_navigates_to_home_page()
  When User clicks on "Signup / Login"                                                   # stepDefinitions.UserRegistrationSteps.user_clicks_on(java.lang.String)
  And User fills out the popup form with name "Venkata" and email "venkat01237@test.com" # stepDefinitions.UserRegistrationSteps.user_fills_out_popup_form(java.lang.String,java.lang.String)
  And User clicks on "Signup"                                                            # stepDefinitions.UserRegistrationSteps.user_clicks_on(java.lang.String)
  And User fills out the registration form with the following details:                   # stepDefinitions.UserRegistrationSteps.user_fills_out_registration_form(io.cucumber.datatable.DataTable)
    | Title | Password    | DOB             | Newsletter | Offers | FirstName | LastName | Company | Address    | Address2 | Country | State     | City  | Zipcode | MobileNumber |
    | Mr    | password123 | 14/January/2002 | true       | true   | Venkat    | a        | Testing | 12 Main St | ops      | India   | Tamilnadu | Hosur | 635110  | 9123456789   |
  And User clicks on "Create Account"                                                    # stepDefinitions.UserRegistrationSteps.user_clicks_on(java.lang.String)
  Then User should see the "ACCOUNT CREATED!" message                                    # stepDefinitions.UserRegistrationSteps.user_should_see_the_message(java.lang.String)
  And User clicks on Continue                                                            # stepDefinitions.UserRegistrationSteps.user_clicks_on_continue()
  And User logs out successfully                                                         # stepDefinitions.UserRegistrationSteps.user_logs_out_successfully()
  And User should be redirected to the homepage                                          # stepDefinitions.UserRegistrationSteps.user_should_be_redirected_to_the_homepage()
Screenshot taken: /Users/venkattsr/Downloads/Ecomm/./screenshots/Register a new user and verifying account creation_20250320_121425.png
]]></system-out>
    <system-err><![CDATA[Mar 20, 2025 12:13:07 PM org.openqa.selenium.devtools.CdpVersionFinder findNearestMatch
WARNING: Unable to find an exact match for CDP version 134, returning the closest version; found: 133; Please update to a Selenium version that supports CDP version 134
]]></system-err>
  </testcase>
  <testcase name="runScenario[&quot;Login with valid and invalid credentials&quot;, &quot;User Login Functionality&quot;](1)" classname="final_runner.LoginRunner" time="46.642">
    <system-out><![CDATA[
Scenario Outline: Login with valid and invalid credentials             # src/test/resources/features/2Login.feature:12
  Given User navigating to the home page                               # stepDefinitions.UserLoginSteps.user_navigates_to_home_page()
  When User clicks on the "Signup / Login"                             # stepDefinitions.UserLoginSteps.user_clicks_on(java.lang.String)
  And User enters email "venkat07@test.com" and password "password123" # stepDefinitions.UserLoginSteps.user_enters_email_and_password(java.lang.String,java.lang.String)
  And User clicks on the "Login"                                       # stepDefinitions.UserLoginSteps.user_clicks_on(java.lang.String)
  Then User should see the message "Logged in as Venkata"              # stepDefinitions.UserLoginSteps.user_should_see_message(java.lang.String)
Screenshot taken: /Users/venkattsr/Downloads/Ecomm/./screenshots/Login with valid and invalid credentials_20250320_121511.png
]]></system-out>
    <system-err><![CDATA[Mar 20, 2025 12:14:32 PM org.openqa.selenium.devtools.CdpVersionFinder findNearestMatch
WARNING: Unable to find an exact match for CDP version 134, returning the closest version; found: 133; Please update to a Selenium version that supports CDP version 134
]]></system-err>
  </testcase>
  <testcase name="runScenario[&quot;Login with invalid credentials&quot;, &quot;User Login Functionality&quot;](2)" classname="final_runner.LoginRunner" time="112.252">
    <system-out><![CDATA[
Scenario Outline: Login with invalid credentials                               # src/test/resources/features/2Login.feature:23
  Given User navigating to the home page                                       # stepDefinitions.UserLoginSteps.user_navigates_to_home_page()
  When User clicks on the "Signup / Login"                                     # stepDefinitions.UserLoginSteps.user_clicks_on(java.lang.String)
  And User enters email "invalid.user@test.com" and password "wrongPassword"   # stepDefinitions.UserLoginSteps.user_enters_email_and_password(java.lang.String,java.lang.String)
  And User clicks on the "Login"                                               # stepDefinitions.UserLoginSteps.user_clicks_on(java.lang.String)
  Then User should see an error message "Your email or password is incorrect!" # stepDefinitions.UserLoginSteps.user_should_see_an_error_message(java.lang.String)
Screenshot taken: /Users/venkattsr/Downloads/Ecomm/./screenshots/Login with invalid credentials_20250320_121704.png
]]></system-out>
    <system-err><![CDATA[Mar 20, 2025 12:15:18 PM org.openqa.selenium.devtools.CdpVersionFinder findNearestMatch
WARNING: Unable to find an exact match for CDP version 134, returning the closest version; found: 133; Please update to a Selenium version that supports CDP version 134
]]></system-err>
  </testcase>
  <testcase name="runScenario[&quot;User searches for a product, adds it to the cart, and Removes item from the cart&quot;, &quot;Removing Item Functionality&quot;](1)" classname="final_runner.RemoveRunner" time="78.935">
    <system-out><![CDATA[
Scenario: User searches for a product, adds it to the cart, and Removes item from the cart # src/test/resources/features/3Remove.feature:3
  Given User on the homepage                                                               # stepDefinitions.RemovingSteps.user_on_the_homepage()
  When User logging in with valid credentials                                              # stepDefinitions.RemovingSteps.user_logging_in_with_valid_credentials()
  And User navigating to the products page                                                 # stepDefinitions.RemovingSteps.user_navigating_to_the_products_page()
  And User searches the product "Blue Top"                                                 # stepDefinitions.RemovingSteps.user_searches_the_product(java.lang.String)
  And User adds that product to the cart                                                   # stepDefinitions.RemovingSteps.user_adds_that_product_to_the_cart()
  And User removes item from the cart                                                      # stepDefinitions.RemovingSteps.user_removes_item_from_the_cart()
  Then User should see the cart is empty                                                   # stepDefinitions.RemovingSteps.user_should_see_the_cart_is_empty()
Screenshot taken: /Users/venkattsr/Downloads/Ecomm/./screenshots/User searches for a product, adds it to the cart, and Removes item from the cart_20250320_121823.png
]]></system-out>
    <system-err><![CDATA[Mar 20, 2025 12:17:11 PM org.openqa.selenium.devtools.CdpVersionFinder findNearestMatch
WARNING: Unable to find an exact match for CDP version 134, returning the closest version; found: 133; Please update to a Selenium version that supports CDP version 134
]]></system-err>
  </testcase>
  <testcase name="runScenario[&quot;After logging in User searches for a product&quot;, &quot;Removing Item Functionality&quot;](2)" classname="final_runner.RemoveRunner" time="59.034">
    <system-out><![CDATA[
Scenario: After logging in User searches for a product # src/test/resources/features/3Remove.feature:12
  Given User on the homepage                           # stepDefinitions.RemovingSteps.user_on_the_homepage()
  When User logging in with valid credentials          # stepDefinitions.RemovingSteps.user_logging_in_with_valid_credentials()
  And User navigating to the products page             # stepDefinitions.RemovingSteps.user_navigating_to_the_products_page()
  And User searches the product "Blue Top"             # stepDefinitions.RemovingSteps.user_searches_the_product(java.lang.String)
  Then User should be able to see the product          # stepDefinitions.RemovingSteps.user_should_be_able_to_see_the_product()
Screenshot taken: /Users/venkattsr/Downloads/Ecomm/./screenshots/After logging in User searches for a product_20250320_121922.png
]]></system-out>
    <system-err><![CDATA[Mar 20, 2025 12:18:30 PM org.openqa.selenium.devtools.CdpVersionFinder findNearestMatch
WARNING: Unable to find an exact match for CDP version 134, returning the closest version; found: 133; Please update to a Selenium version that supports CDP version 134
]]></system-err>
  </testcase>
  <testcase name="runScenario[&quot;User searches for a product, adds it to the cart, and Removes item from the cart&quot;, &quot;Removing Item Functionality&quot;](3)" classname="final_runner.RemoveRunner" time="72.732">
    <system-out><![CDATA[
Scenario: User searches for a product, adds it to the cart, and Removes item from the cart # src/test/resources/features/3Remove.feature:19
  Given User on the homepage                                                               # stepDefinitions.RemovingSteps.user_on_the_homepage()
  When User logging in with valid credentials                                              # stepDefinitions.RemovingSteps.user_logging_in_with_valid_credentials()
  And User navigating to the products page                                                 # stepDefinitions.RemovingSteps.user_navigating_to_the_products_page()
  And User searches the product "Blue Top"                                                 # stepDefinitions.RemovingSteps.user_searches_the_product(java.lang.String)
  And User adds that product to the cart                                                   # stepDefinitions.RemovingSteps.user_adds_that_product_to_the_cart()
  Then User can see the product in the ViewCart                                            # stepDefinitions.RemovingSteps.user_can_see_the_product_in_the_ViewCart()
Screenshot taken: /Users/venkattsr/Downloads/Ecomm/./screenshots/User searches for a product, adds it to the cart, and Removes item from the cart_20250320_122034.png
]]></system-out>
    <system-err><![CDATA[Mar 20, 2025 12:19:29 PM org.openqa.selenium.devtools.CdpVersionFinder findNearestMatch
WARNING: Unable to find an exact match for CDP version 134, returning the closest version; found: 133; Please update to a Selenium version that supports CDP version 134
]]></system-err>
  </testcase>
  <testcase name="runScenario[&quot;User searches for a product, adds it to the cart, and Removes item from the cart&quot;, &quot;Removing Item Functionality&quot;](4)" classname="final_runner.RemoveRunner" time="73.884">
    <system-out><![CDATA[
Scenario: User searches for a product, adds it to the cart, and Removes item from the cart # src/test/resources/features/3Remove.feature:27
  Given User on the homepage                                                               # stepDefinitions.RemovingSteps.user_on_the_homepage()
  When User logging in with valid credentials                                              # stepDefinitions.RemovingSteps.user_logging_in_with_valid_credentials()
  And User navigating to the products page                                                 # stepDefinitions.RemovingSteps.user_navigating_to_the_products_page()
  And User searches the product "Blue Top"                                                 # stepDefinitions.RemovingSteps.user_searches_the_product(java.lang.String)
  And User adds that product to the cart                                                   # stepDefinitions.RemovingSteps.user_adds_that_product_to_the_cart()
  And User proceeds to the checkout page                                                   # stepDefinitions.RemovingSteps.user_proceeds_to_the_checkout_page()
  Then It should show the order section                                                    # stepDefinitions.RemovingSteps.it_should_show_the_order_section()
Screenshot taken: /Users/venkattsr/Downloads/Ecomm/./screenshots/User searches for a product, adds it to the cart, and Removes item from the cart_20250320_122148.png
]]></system-out>
    <system-err><![CDATA[Mar 20, 2025 12:20:41 PM org.openqa.selenium.devtools.CdpVersionFinder findNearestMatch
WARNING: Unable to find an exact match for CDP version 134, returning the closest version; found: 133; Please update to a Selenium version that supports CDP version 134
]]></system-err>
  </testcase>
  <testcase name="runScenario[&quot;User searches for a product, adds it to the cart, and completes the checkout process&quot;, &quot;Product Search and Checkout Flow&quot;](1)" classname="final_runner.ProductfuncRunner" time="95.384">
    <system-out><![CDATA[
Scenario: User searches for a product, adds it to the cart, and completes the checkout process # src/test/resources/features/4Product.feature:3
  Given User is on the homepage                                                                # stepDefinitions.ProductSteps.user_is_on_the_homepage()
  When User logs in with valid credentials                                                     # stepDefinitions.ProductSteps.user_logs_in_with_valid_credentials()
  And User navigates to the products page                                                      # stepDefinitions.ProductSteps.user_navigates_to_the_products_page()
  And User searches for the product "Blue Top"                                                 # stepDefinitions.ProductSteps.user_searches_for_the_product(java.lang.String)
  And User adds the product to the cart                                                        # stepDefinitions.ProductSteps.user_adds_the_product_to_the_cart()
  And User proceeds to checkout                                                                # stepDefinitions.ProductSteps.user_proceeds_to_checkout()
  And User enters card details "Visa" "12334548959" "435" "02" "2028"                          # stepDefinitions.ProductSteps.user_enters_card_details(java.lang.String,java.lang.String,java.lang.String,java.lang.String,java.lang.String)
  Then User should see the order confirmation message                                          # stepDefinitions.ProductSteps.user_should_see_the_order_confirmation_message()
  And User downloads the invoice and continues shopping                                        # stepDefinitions.ProductSteps.user_downloads_the_invoice_and_continues_shopping()
Screenshot taken: /Users/venkattsr/Downloads/Ecomm/./screenshots/User searches for a product, adds it to the cart, and completes the checkout process_20250320_122324.png
]]></system-out>
    <system-err><![CDATA[Mar 20, 2025 12:21:56 PM org.openqa.selenium.devtools.CdpVersionFinder findNearestMatch
WARNING: Unable to find an exact match for CDP version 134, returning the closest version; found: 133; Please update to a Selenium version that supports CDP version 134
]]></system-err>
  </testcase>
  <testcase name="runScenario[&quot;Providing Valid Information and Submitting the contact form&quot;, &quot;Handling the contactus Functionality&quot;](1)" classname="final_runner.ContactUsRunner" time="49.437">
    <system-out><![CDATA[
Scenario: Providing Valid Information and Submitting the contact form                                                                                           # src/test/resources/features/5Contact.feature:3
  Given User Should be on Home Page                                                                                                                             # stepDefinitions.ContactUsSteps.user_should_be_on_home_page()
  When User should click Loginbutton                                                                                                                            # stepDefinitions.ContactUsSteps.user_should_click_loginbutton()
  And User Should Enter Valid Credentials "venkat07@exam.com" and "password123"                                                                                 # stepDefinitions.ContactUsSteps.user_should_enter_valid_credentials_and(java.lang.String,java.lang.String)
  And User should click Login button                                                                                                                            # stepDefinitions.ContactUsSteps.user_should_click_login_button()
  And User can see the logged in homepage                                                                                                                       # stepDefinitions.ContactUsSteps.user_can_see_the_logged_in_homepage()
  And User should click Contact Us                                                                                                                              # stepDefinitions.ContactUsSteps.user_should_click_contact_us()
  And User Should Fill the contact form "Venkat" "venkat07@exam.com" "About Product" "Check the attached file" "/Users/venkattsr/Downloads/Ecomm/./screenshots" # stepDefinitions.ContactUsSteps.user_should_fill_the_contact_form(java.lang.String,java.lang.String,java.lang.String,java.lang.String,java.lang.String)
Alert Text: Press OK to proceed!
  And User Should click the submit and handle alert                                                                                                             # stepDefinitions.ContactUsSteps.user_should_click_the_submit_and_handle_alert()
  Then User can confirm that the form is submitted                                                                                                              # stepDefinitions.ContactUsSteps.user_can_confirm_that_the_form_is_submitted()
Screenshot taken: /Users/venkattsr/Downloads/Ecomm/./screenshots/Providing Valid Information and Submitting the contact form_20250320_122413.png
]]></system-out>
    <system-err><![CDATA[Mar 20, 2025 12:23:31 PM org.openqa.selenium.devtools.CdpVersionFinder findNearestMatch
WARNING: Unable to find an exact match for CDP version 134, returning the closest version; found: 133; Please update to a Selenium version that supports CDP version 134
]]></system-err>
  </testcase>
  <testcase name="runScenario[&quot;Providing Information with missing fields to verify error message&quot;, &quot;Handling the contactus Functionality&quot;](2)" classname="final_runner.ContactUsRunner" time="54.336">
    <system-out><![CDATA[
Scenario: Providing Information with missing fields to verify error message                                                                    # src/test/resources/features/5Contact.feature:14
  Given User Should be on Home Page                                                                                                            # stepDefinitions.ContactUsSteps.user_should_be_on_home_page()
  When User should click Loginbutton                                                                                                           # stepDefinitions.ContactUsSteps.user_should_click_loginbutton()
  And User Should Enter Valid Credentials "venkat07@exam.com" and "password123"                                                                # stepDefinitions.ContactUsSteps.user_should_enter_valid_credentials_and(java.lang.String,java.lang.String)
  And User should click Login button                                                                                                           # stepDefinitions.ContactUsSteps.user_should_click_login_button()
  And User can see the logged in homepage                                                                                                      # stepDefinitions.ContactUsSteps.user_can_see_the_logged_in_homepage()
  And User should click Contact Us                                                                                                             # stepDefinitions.ContactUsSteps.user_should_click_contact_us()
  And User Should Fill the contact form "Venkat" "" "About Product" "Check the attached file" "/Users/venkattsr/Downloads/Ecomm/./screenshots" # stepDefinitions.ContactUsSteps.user_should_fill_the_contact_form(java.lang.String,java.lang.String,java.lang.String,java.lang.String,java.lang.String)
  And Try to click the submit button without Email                                                                                             # stepDefinitions.ContactUsSteps.try_to_click_the_submit_button_without_email()
  Then User should get the error message                                                                                                       # stepDefinitions.ContactUsSteps.user_should_get_the_error_message()
Screenshot taken: /Users/venkattsr/Downloads/Ecomm/./screenshots/Providing Information with missing fields to verify error message_20250320_122507.png
]]></system-out>
    <system-err><![CDATA[Mar 20, 2025 12:24:20 PM org.openqa.selenium.devtools.CdpVersionFinder findNearestMatch
WARNING: Unable to find an exact match for CDP version 134, returning the closest version; found: 133; Please update to a Selenium version that supports CDP version 134
]]></system-err>
  </testcase>
  <testcase name="runScenario[&quot;Subscribing with Valid Email&quot;, &quot;Checking the Subscription Section&quot;](1)" classname="final_runner.SubscribeRunner" time="37.37">
    <system-out><![CDATA[
Scenario: Subscribing with Valid Email                   # src/test/resources/features/6Subscribe.feature:3
  Given User should be on the HomePage                   # stepDefinitions.SubscribeStep.user_should_be_on_the_home_page()
  When User ScrollDown to the Subscribe Section          # stepDefinitions.SubscribeStep.user_scroll_down_to_the_subscribe_section()
  And User Enters the Valid Email "venkat07@project.com" # stepDefinitions.SubscribeStep.user_enters_the_valid_email(java.lang.String)
  And User Clicks the Submit button                      # stepDefinitions.SubscribeStep.user_clicks_the_submit_button()
Success Message: You have been successfully subscribed!
  Then User can see the Successfully Registerd Message   # stepDefinitions.SubscribeStep.user_can_see_the_successfully_registerd_message()
Screenshot taken: /Users/venkattsr/Downloads/Ecomm/./screenshots/Subscribing with Valid Email_20250320_122545.png
]]></system-out>
    <system-err><![CDATA[Mar 20, 2025 12:25:16 PM org.openqa.selenium.devtools.CdpVersionFinder findNearestMatch
WARNING: Unable to find an exact match for CDP version 134, returning the closest version; found: 133; Please update to a Selenium version that supports CDP version 134
]]></system-err>
  </testcase>
  <testcase name="runScenario[&quot;Tries to Subscribe with InValid Email&quot;, &quot;Checking the Subscription Section&quot;](2)" classname="final_runner.SubscribeRunner" time="34.084">
    <system-out><![CDATA[
Scenario: Tries to Subscribe with InValid Email                                                    # src/test/resources/features/6Subscribe.feature:10
  Given User should be on the HomePage                                                             # stepDefinitions.SubscribeStep.user_should_be_on_the_home_page()
  When User ScrollDown to the Subscribe Section                                                    # stepDefinitions.SubscribeStep.user_scroll_down_to_the_subscribe_section()
  And User Enters the Invalid Email "subscribe11@hotmail.com"                                      # stepDefinitions.SubscribeStep.user_enters_the_invalid_email(java.lang.String)
  And User Clicks the Submit button                                                                # stepDefinitions.SubscribeStep.user_clicks_the_submit_button()
  Then User Should See "Please include an '@' in the email-id as 'subscribe11' is missing an '@'." # stepDefinitions.SubscribeStep.user_should_see(java.lang.String)
Screenshot taken: /Users/venkattsr/Downloads/Ecomm/./screenshots/Tries to Subscribe with InValid Email_20250320_122619.png
]]></system-out>
    <system-err><![CDATA[Mar 20, 2025 12:25:52 PM org.openqa.selenium.devtools.CdpVersionFinder findNearestMatch
WARNING: Unable to find an exact match for CDP version 134, returning the closest version; found: 133; Please update to a Selenium version that supports CDP version 134
]]></system-err>
  </testcase>
</testsuite>