<?xml version="1.0" encoding="UTF-8"?>
<testng-results ignored="0" total="12" passed="12" failed="0" skipped="0">
  <reporter-output>
  </reporter-output>
  <suite started-at="2025-03-20T12:12:58 IST" name="Suite" finished-at="2025-03-20T12:26:19 IST" duration-ms="800671">
    <groups>
      <group name="cucumber">
        <method signature="AbstractTestNGCucumberTests.runScenario(io.cucumber.testng.PickleWrapper,io.cucumber.testng.FeatureWrapper)[pri:0, instance:final_runner.ContactUsRunner@15043a2f]" name="runScenario" class="io.cucumber.testng.AbstractTestNGCucumberTests"/>
        <method signature="AbstractTestNGCucumberTests.runScenario(io.cucumber.testng.PickleWrapper,io.cucumber.testng.FeatureWrapper)[pri:0, instance:final_runner.LoginRunner@79e4c792]" name="runScenario" class="io.cucumber.testng.AbstractTestNGCucumberTests"/>
        <method signature="AbstractTestNGCucumberTests.runScenario(io.cucumber.testng.PickleWrapper,io.cucumber.testng.FeatureWrapper)[pri:0, instance:final_runner.ProductfuncRunner@4c60d6e9]" name="runScenario" class="io.cucumber.testng.AbstractTestNGCucumberTests"/>
        <method signature="AbstractTestNGCucumberTests.runScenario(io.cucumber.testng.PickleWrapper,io.cucumber.testng.FeatureWrapper)[pri:0, instance:final_runner.RegistrationRunner@7bba5817]" name="runScenario" class="io.cucumber.testng.AbstractTestNGCucumberTests"/>
        <method signature="AbstractTestNGCucumberTests.runScenario(io.cucumber.testng.PickleWrapper,io.cucumber.testng.FeatureWrapper)[pri:0, instance:final_runner.RemoveRunner@196a42c3]" name="runScenario" class="io.cucumber.testng.AbstractTestNGCucumberTests"/>
        <method signature="AbstractTestNGCucumberTests.runScenario(io.cucumber.testng.PickleWrapper,io.cucumber.testng.FeatureWrapper)[pri:0, instance:final_runner.SubscribeRunner@4a83a74a]" name="runScenario" class="io.cucumber.testng.AbstractTestNGCucumberTests"/>
      </group> <!-- cucumber -->
    </groups>
    <test started-at="2025-03-20T12:12:58 IST" name="Test" finished-at="2025-03-20T12:26:19 IST" duration-ms="800671">
      <class name="final_runner.LoginRunner">
        <test-method is-config="true" signature="setUpClass(org.testng.ITestContext)[pri:0, instance:final_runner.LoginRunner@79e4c792]" started-at="2025-03-20T12:14:25 IST" name="setUpClass" finished-at="2025-03-20T12:14:25 IST" duration-ms="6" status="PASS">
          <params>
            <param index="0">
              <value>
                <![CDATA[org.testng.TestRunner@7c03f9d0]]>
              </value>
            </param>
          </params>
          <reporter-output>
          </reporter-output>
        </test-method> <!-- setUpClass -->
        <test-method signature="runScenario(io.cucumber.testng.PickleWrapper,io.cucumber.testng.FeatureWrapper)[pri:0, instance:final_runner.LoginRunner@79e4c792]" started-at="2025-03-20T12:14:25 IST" name="runScenario" description="Runs Cucumber Scenarios" data-provider="scenarios" finished-at="2025-03-20T12:15:12 IST" duration-ms="46641" status="PASS">
          <params>
            <param index="0">
              <value>
                <![CDATA["Login with valid and invalid credentials"]]>
              </value>
            </param>
            <param index="1">
              <value>
                <![CDATA["User Login Functionality"]]>
              </value>
            </param>
          </params>
          <reporter-output>
          </reporter-output>
        </test-method> <!-- runScenario -->
        <test-method signature="runScenario(io.cucumber.testng.PickleWrapper,io.cucumber.testng.FeatureWrapper)[pri:0, instance:final_runner.LoginRunner@79e4c792]" started-at="2025-03-20T12:15:12 IST" name="runScenario" description="Runs Cucumber Scenarios" data-provider="scenarios" finished-at="2025-03-20T12:17:04 IST" duration-ms="112251" status="PASS">
          <params>
            <param index="0">
              <value>
                <![CDATA["Login with invalid credentials"]]>
              </value>
            </param>
            <param index="1">
              <value>
                <![CDATA["User Login Functionality"]]>
              </value>
            </param>
          </params>
          <reporter-output>
          </reporter-output>
        </test-method> <!-- runScenario -->
        <test-method is-config="true" signature="tearDownClass()[pri:0, instance:final_runner.LoginRunner@79e4c792]" started-at="2025-03-20T12:17:04 IST" name="tearDownClass" finished-at="2025-03-20T12:17:04 IST" duration-ms="1" status="PASS">
          <reporter-output>
          </reporter-output>
        </test-method> <!-- tearDownClass -->
      </class> <!-- final_runner.LoginRunner -->
      <class name="final_runner.ProductfuncRunner">
        <test-method is-config="true" signature="setUpClass(org.testng.ITestContext)[pri:0, instance:final_runner.ProductfuncRunner@4c60d6e9]" started-at="2025-03-20T12:21:48 IST" name="setUpClass" finished-at="2025-03-20T12:21:48 IST" duration-ms="6" status="PASS">
          <params>
            <param index="0">
              <value>
                <![CDATA[org.testng.TestRunner@7c03f9d0]]>
              </value>
            </param>
          </params>
          <reporter-output>
          </reporter-output>
        </test-method> <!-- setUpClass -->
        <test-method signature="runScenario(io.cucumber.testng.PickleWrapper,io.cucumber.testng.FeatureWrapper)[pri:0, instance:final_runner.ProductfuncRunner@4c60d6e9]" started-at="2025-03-20T12:21:48 IST" name="runScenario" description="Runs Cucumber Scenarios" data-provider="scenarios" finished-at="2025-03-20T12:23:24 IST" duration-ms="95383" status="PASS">
          <params>
            <param index="0">
              <value>
                <![CDATA["User searches for a product, adds it to the cart, and completes the checkout process"]]>
              </value>
            </param>
            <param index="1">
              <value>
                <![CDATA["Product Search and Checkout Flow"]]>
              </value>
            </param>
          </params>
          <reporter-output>
          </reporter-output>
        </test-method> <!-- runScenario -->
        <test-method is-config="true" signature="tearDownClass()[pri:0, instance:final_runner.ProductfuncRunner@4c60d6e9]" started-at="2025-03-20T12:23:24 IST" name="tearDownClass" finished-at="2025-03-20T12:23:24 IST" duration-ms="0" status="PASS">
          <reporter-output>
          </reporter-output>
        </test-method> <!-- tearDownClass -->
      </class> <!-- final_runner.ProductfuncRunner -->
      <class name="final_runner.ContactUsRunner">
        <test-method is-config="true" signature="setUpClass(org.testng.ITestContext)[pri:0, instance:final_runner.ContactUsRunner@15043a2f]" started-at="2025-03-20T12:23:24 IST" name="setUpClass" finished-at="2025-03-20T12:23:24 IST" duration-ms="7" status="PASS">
          <params>
            <param index="0">
              <value>
                <![CDATA[org.testng.TestRunner@7c03f9d0]]>
              </value>
            </param>
          </params>
          <reporter-output>
          </reporter-output>
        </test-method> <!-- setUpClass -->
        <test-method signature="runScenario(io.cucumber.testng.PickleWrapper,io.cucumber.testng.FeatureWrapper)[pri:0, instance:final_runner.ContactUsRunner@15043a2f]" started-at="2025-03-20T12:23:24 IST" name="runScenario" description="Runs Cucumber Scenarios" data-provider="scenarios" finished-at="2025-03-20T12:24:13 IST" duration-ms="49436" status="PASS">
          <params>
            <param index="0">
              <value>
                <![CDATA["Providing Valid Information and Submitting the contact form"]]>
              </value>
            </param>
            <param index="1">
              <value>
                <![CDATA["Handling the contactus Functionality"]]>
              </value>
            </param>
          </params>
          <reporter-output>
          </reporter-output>
        </test-method> <!-- runScenario -->
        <test-method signature="runScenario(io.cucumber.testng.PickleWrapper,io.cucumber.testng.FeatureWrapper)[pri:0, instance:final_runner.ContactUsRunner@15043a2f]" started-at="2025-03-20T12:24:13 IST" name="runScenario" description="Runs Cucumber Scenarios" data-provider="scenarios" finished-at="2025-03-20T12:25:08 IST" duration-ms="54335" status="PASS">
          <params>
            <param index="0">
              <value>
                <![CDATA["Providing Information with missing fields to verify error message"]]>
              </value>
            </param>
            <param index="1">
              <value>
                <![CDATA["Handling the contactus Functionality"]]>
              </value>
            </param>
          </params>
          <reporter-output>
          </reporter-output>
        </test-method> <!-- runScenario -->
        <test-method is-config="true" signature="tearDownClass()[pri:0, instance:final_runner.ContactUsRunner@15043a2f]" started-at="2025-03-20T12:25:08 IST" name="tearDownClass" finished-at="2025-03-20T12:25:08 IST" duration-ms="0" status="PASS">
          <reporter-output>
          </reporter-output>
        </test-method> <!-- tearDownClass -->
      </class> <!-- final_runner.ContactUsRunner -->
      <class name="final_runner.RemoveRunner">
        <test-method is-config="true" signature="setUpClass(org.testng.ITestContext)[pri:0, instance:final_runner.RemoveRunner@196a42c3]" started-at="2025-03-20T12:17:04 IST" name="setUpClass" finished-at="2025-03-20T12:17:04 IST" duration-ms="9" status="PASS">
          <params>
            <param index="0">
              <value>
                <![CDATA[org.testng.TestRunner@7c03f9d0]]>
              </value>
            </param>
          </params>
          <reporter-output>
          </reporter-output>
        </test-method> <!-- setUpClass -->
        <test-method signature="runScenario(io.cucumber.testng.PickleWrapper,io.cucumber.testng.FeatureWrapper)[pri:0, instance:final_runner.RemoveRunner@196a42c3]" started-at="2025-03-20T12:17:04 IST" name="runScenario" description="Runs Cucumber Scenarios" data-provider="scenarios" finished-at="2025-03-20T12:18:23 IST" duration-ms="78934" status="PASS">
          <params>
            <param index="0">
              <value>
                <![CDATA["User searches for a product, adds it to the cart, and Removes item from the cart"]]>
              </value>
            </param>
            <param index="1">
              <value>
                <![CDATA["Removing Item Functionality"]]>
              </value>
            </param>
          </params>
          <reporter-output>
          </reporter-output>
        </test-method> <!-- runScenario -->
        <test-method signature="runScenario(io.cucumber.testng.PickleWrapper,io.cucumber.testng.FeatureWrapper)[pri:0, instance:final_runner.RemoveRunner@196a42c3]" started-at="2025-03-20T12:18:23 IST" name="runScenario" description="Runs Cucumber Scenarios" data-provider="scenarios" finished-at="2025-03-20T12:19:22 IST" duration-ms="59033" status="PASS">
          <params>
            <param index="0">
              <value>
                <![CDATA["After logging in User searches for a product"]]>
              </value>
            </param>
            <param index="1">
              <value>
                <![CDATA["Removing Item Functionality"]]>
              </value>
            </param>
          </params>
          <reporter-output>
          </reporter-output>
        </test-method> <!-- runScenario -->
        <test-method signature="runScenario(io.cucumber.testng.PickleWrapper,io.cucumber.testng.FeatureWrapper)[pri:0, instance:final_runner.RemoveRunner@196a42c3]" started-at="2025-03-20T12:19:22 IST" name="runScenario" description="Runs Cucumber Scenarios" data-provider="scenarios" finished-at="2025-03-20T12:20:35 IST" duration-ms="72731" status="PASS">
          <params>
            <param index="0">
              <value>
                <![CDATA["User searches for a product, adds it to the cart, and Removes item from the cart"]]>
              </value>
            </param>
            <param index="1">
              <value>
                <![CDATA["Removing Item Functionality"]]>
              </value>
            </param>
          </params>
          <reporter-output>
          </reporter-output>
        </test-method> <!-- runScenario -->
        <test-method signature="runScenario(io.cucumber.testng.PickleWrapper,io.cucumber.testng.FeatureWrapper)[pri:0, instance:final_runner.RemoveRunner@196a42c3]" started-at="2025-03-20T12:20:35 IST" name="runScenario" description="Runs Cucumber Scenarios" data-provider="scenarios" finished-at="2025-03-20T12:21:48 IST" duration-ms="73883" status="PASS">
          <params>
            <param index="0">
              <value>
                <![CDATA["User searches for a product, adds it to the cart, and Removes item from the cart"]]>
              </value>
            </param>
            <param index="1">
              <value>
                <![CDATA["Removing Item Functionality"]]>
              </value>
            </param>
          </params>
          <reporter-output>
          </reporter-output>
        </test-method> <!-- runScenario -->
        <test-method is-config="true" signature="tearDownClass()[pri:0, instance:final_runner.RemoveRunner@196a42c3]" started-at="2025-03-20T12:21:48 IST" name="tearDownClass" finished-at="2025-03-20T12:21:48 IST" duration-ms="0" status="PASS">
          <reporter-output>
          </reporter-output>
        </test-method> <!-- tearDownClass -->
      </class> <!-- final_runner.RemoveRunner -->
      <class name="final_runner.SubscribeRunner">
        <test-method is-config="true" signature="setUpClass(org.testng.ITestContext)[pri:0, instance:final_runner.SubscribeRunner@4a83a74a]" started-at="2025-03-20T12:25:08 IST" name="setUpClass" finished-at="2025-03-20T12:25:08 IST" duration-ms="12" status="PASS">
          <params>
            <param index="0">
              <value>
                <![CDATA[org.testng.TestRunner@7c03f9d0]]>
              </value>
            </param>
          </params>
          <reporter-output>
          </reporter-output>
        </test-method> <!-- setUpClass -->
        <test-method signature="runScenario(io.cucumber.testng.PickleWrapper,io.cucumber.testng.FeatureWrapper)[pri:0, instance:final_runner.SubscribeRunner@4a83a74a]" started-at="2025-03-20T12:25:08 IST" name="runScenario" description="Runs Cucumber Scenarios" data-provider="scenarios" finished-at="2025-03-20T12:25:45 IST" duration-ms="37369" status="PASS">
          <params>
            <param index="0">
              <value>
                <![CDATA["Subscribing with Valid Email"]]>
              </value>
            </param>
            <param index="1">
              <value>
                <![CDATA["Checking the Subscription Section"]]>
              </value>
            </param>
          </params>
          <reporter-output>
          </reporter-output>
        </test-method> <!-- runScenario -->
        <test-method signature="runScenario(io.cucumber.testng.PickleWrapper,io.cucumber.testng.FeatureWrapper)[pri:0, instance:final_runner.SubscribeRunner@4a83a74a]" started-at="2025-03-20T12:25:45 IST" name="runScenario" description="Runs Cucumber Scenarios" data-provider="scenarios" finished-at="2025-03-20T12:26:19 IST" duration-ms="34083" status="PASS">
          <params>
            <param index="0">
              <value>
                <![CDATA["Tries to Subscribe with InValid Email"]]>
              </value>
            </param>
            <param index="1">
              <value>
                <![CDATA["Checking the Subscription Section"]]>
              </value>
            </param>
          </params>
          <reporter-output>
          </reporter-output>
        </test-method> <!-- runScenario -->
        <test-method is-config="true" signature="tearDownClass()[pri:0, instance:final_runner.SubscribeRunner@4a83a74a]" started-at="2025-03-20T12:26:19 IST" name="tearDownClass" finished-at="2025-03-20T12:26:19 IST" duration-ms="0" status="PASS">
          <reporter-output>
          </reporter-output>
        </test-method> <!-- tearDownClass -->
      </class> <!-- final_runner.SubscribeRunner -->
      <class name="final_runner.RegistrationRunner">
        <test-method is-config="true" signature="setUpClass(org.testng.ITestContext)[pri:0, instance:final_runner.RegistrationRunner@7bba5817]" started-at="2025-03-20T12:12:58 IST" name="setUpClass" finished-at="2025-03-20T12:12:59 IST" duration-ms="104" status="PASS">
          <params>
            <param index="0">
              <value>
                <![CDATA[org.testng.TestRunner@7c03f9d0]]>
              </value>
            </param>
          </params>
          <reporter-output>
          </reporter-output>
        </test-method> <!-- setUpClass -->
        <test-method signature="runScenario(io.cucumber.testng.PickleWrapper,io.cucumber.testng.FeatureWrapper)[pri:0, instance:final_runner.RegistrationRunner@7bba5817]" started-at="2025-03-20T12:12:59 IST" name="runScenario" description="Runs Cucumber Scenarios" data-provider="scenarios" finished-at="2025-03-20T12:14:25 IST" duration-ms="86412" status="PASS">
          <params>
            <param index="0">
              <value>
                <![CDATA["Register a new user and verifying account creation"]]>
              </value>
            </param>
            <param index="1">
              <value>
                <![CDATA["User Registration and Login Functionality"]]>
              </value>
            </param>
          </params>
          <reporter-output>
          </reporter-output>
        </test-method> <!-- runScenario -->
        <test-method is-config="true" signature="tearDownClass()[pri:0, instance:final_runner.RegistrationRunner@7bba5817]" started-at="2025-03-20T12:14:25 IST" name="tearDownClass" finished-at="2025-03-20T12:14:25 IST" duration-ms="1" status="PASS">
          <reporter-output>
          </reporter-output>
        </test-method> <!-- tearDownClass -->
      </class> <!-- final_runner.RegistrationRunner -->
    </test> <!-- Test -->
  </suite> <!-- Suite -->
</testng-results>
