<?xml version="1.0" encoding="UTF-8"?>
<testng-results ignored="0" total="12" passed="12" failed="0" skipped="0">
  <reporter-output>
  </reporter-output>
  <suite started-at="2025-03-18T09:12:31 IST" name="Default suite" finished-at="2025-03-18T09:24:59 IST" duration-ms="747987">
    <groups>
      <group name="cucumber">
        <method signature="AbstractTestNGCucumberTests.runScenario(io.cucumber.testng.PickleWrapper,io.cucumber.testng.FeatureWrapper)[pri:0, instance:registration_runner.LoginRunner@21be3395]" name="runScenario" class="io.cucumber.testng.AbstractTestNGCucumberTests"/>
      </group> <!-- cucumber -->
    </groups>
    <test started-at="2025-03-18T09:12:31 IST" name="Default test" finished-at="2025-03-18T09:24:59 IST" duration-ms="747987">
      <class name="registration_runner.LoginRunner">
        <test-method is-config="true" signature="setUpClass(org.testng.ITestContext)[pri:0, instance:registration_runner.LoginRunner@21be3395]" started-at="2025-03-18T09:12:31 IST" name="setUpClass" finished-at="2025-03-18T09:12:32 IST" duration-ms="393" status="PASS">
          <params>
            <param index="0">
              <value>
                <![CDATA[org.testng.TestRunner@84a9f65]]>
              </value>
            </param>
          </params>
          <reporter-output>
          </reporter-output>
        </test-method> <!-- setUpClass -->
        <test-method signature="runScenario(io.cucumber.testng.PickleWrapper,io.cucumber.testng.FeatureWrapper)[pri:0, instance:registration_runner.LoginRunner@21be3395]" started-at="2025-03-18T09:12:32 IST" name="runScenario" description="Runs Cucumber Scenarios" data-provider="scenarios" finished-at="2025-03-18T09:13:54 IST" duration-ms="82009" status="PASS">
          <params>
            <param index="0">
              <value>
                <![CDATA["Register a new user and verifying account creation"]]>
              </value>
            </param>
            <param index="1">
              <value>
                <![CDATA["User Registration and Login Functionality"]]>
              </value>
            </param>
          </params>
          <reporter-output>
          </reporter-output>
        </test-method> <!-- runScenario -->
        <test-method signature="runScenario(io.cucumber.testng.PickleWrapper,io.cucumber.testng.FeatureWrapper)[pri:0, instance:registration_runner.LoginRunner@21be3395]" started-at="2025-03-18T09:13:54 IST" name="runScenario" description="Runs Cucumber Scenarios" data-provider="scenarios" finished-at="2025-03-18T09:14:44 IST" duration-ms="50193" status="PASS">
          <params>
            <param index="0">
              <value>
                <![CDATA["Login with valid and invalid credentials"]]>
              </value>
            </param>
            <param index="1">
              <value>
                <![CDATA["User Login Functionality"]]>
              </value>
            </param>
          </params>
          <reporter-output>
          </reporter-output>
        </test-method> <!-- runScenario -->
        <test-method signature="runScenario(io.cucumber.testng.PickleWrapper,io.cucumber.testng.FeatureWrapper)[pri:0, instance:registration_runner.LoginRunner@21be3395]" started-at="2025-03-18T09:14:44 IST" name="runScenario" description="Runs Cucumber Scenarios" data-provider="scenarios" finished-at="2025-03-18T09:15:37 IST" duration-ms="53421" status="PASS">
          <params>
            <param index="0">
              <value>
                <![CDATA["Login with invalid credentials"]]>
              </value>
            </param>
            <param index="1">
              <value>
                <![CDATA["User Login Functionality"]]>
              </value>
            </param>
          </params>
          <reporter-output>
          </reporter-output>
        </test-method> <!-- runScenario -->
        <test-method signature="runScenario(io.cucumber.testng.PickleWrapper,io.cucumber.testng.FeatureWrapper)[pri:0, instance:registration_runner.LoginRunner@21be3395]" started-at="2025-03-18T09:15:37 IST" name="runScenario" description="Runs Cucumber Scenarios" data-provider="scenarios" finished-at="2025-03-18T09:16:54 IST" duration-ms="76842" status="PASS">
          <params>
            <param index="0">
              <value>
                <![CDATA["User searches for a product, adds it to the cart, and Removes item from the cart"]]>
              </value>
            </param>
            <param index="1">
              <value>
                <![CDATA["Removing Item Functionality"]]>
              </value>
            </param>
          </params>
          <reporter-output>
          </reporter-output>
        </test-method> <!-- runScenario -->
        <test-method signature="runScenario(io.cucumber.testng.PickleWrapper,io.cucumber.testng.FeatureWrapper)[pri:0, instance:registration_runner.LoginRunner@21be3395]" started-at="2025-03-18T09:16:54 IST" name="runScenario" description="Runs Cucumber Scenarios" data-provider="scenarios" finished-at="2025-03-18T09:17:55 IST" duration-ms="60908" status="PASS">
          <params>
            <param index="0">
              <value>
                <![CDATA["After logging in User searches for a product"]]>
              </value>
            </param>
            <param index="1">
              <value>
                <![CDATA["Removing Item Functionality"]]>
              </value>
            </param>
          </params>
          <reporter-output>
          </reporter-output>
        </test-method> <!-- runScenario -->
        <test-method signature="runScenario(io.cucumber.testng.PickleWrapper,io.cucumber.testng.FeatureWrapper)[pri:0, instance:registration_runner.LoginRunner@21be3395]" started-at="2025-03-18T09:17:55 IST" name="runScenario" description="Runs Cucumber Scenarios" data-provider="scenarios" finished-at="2025-03-18T09:19:09 IST" duration-ms="73551" status="PASS">
          <params>
            <param index="0">
              <value>
                <![CDATA["User searches for a product, adds it to the cart, and Removes item from the cart"]]>
              </value>
            </param>
            <param index="1">
              <value>
                <![CDATA["Removing Item Functionality"]]>
              </value>
            </param>
          </params>
          <reporter-output>
          </reporter-output>
        </test-method> <!-- runScenario -->
        <test-method signature="runScenario(io.cucumber.testng.PickleWrapper,io.cucumber.testng.FeatureWrapper)[pri:0, instance:registration_runner.LoginRunner@21be3395]" started-at="2025-03-18T09:19:09 IST" name="runScenario" description="Runs Cucumber Scenarios" data-provider="scenarios" finished-at="2025-03-18T09:20:34 IST" duration-ms="85374" status="PASS">
          <params>
            <param index="0">
              <value>
                <![CDATA["User searches for a product, adds it to the cart, and Removes item from the cart"]]>
              </value>
            </param>
            <param index="1">
              <value>
                <![CDATA["Removing Item Functionality"]]>
              </value>
            </param>
          </params>
          <reporter-output>
          </reporter-output>
        </test-method> <!-- runScenario -->
        <test-method signature="runScenario(io.cucumber.testng.PickleWrapper,io.cucumber.testng.FeatureWrapper)[pri:0, instance:registration_runner.LoginRunner@21be3395]" started-at="2025-03-18T09:20:34 IST" name="runScenario" description="Runs Cucumber Scenarios" data-provider="scenarios" finished-at="2025-03-18T09:22:17 IST" duration-ms="103012" status="PASS">
          <params>
            <param index="0">
              <value>
                <![CDATA["User searches for a product, adds it to the cart, and completes the checkout process"]]>
              </value>
            </param>
            <param index="1">
              <value>
                <![CDATA["Product Search and Checkout Flow"]]>
              </value>
            </param>
          </params>
          <reporter-output>
          </reporter-output>
        </test-method> <!-- runScenario -->
        <test-method signature="runScenario(io.cucumber.testng.PickleWrapper,io.cucumber.testng.FeatureWrapper)[pri:0, instance:registration_runner.LoginRunner@21be3395]" started-at="2025-03-18T09:22:17 IST" name="runScenario" description="Runs Cucumber Scenarios" data-provider="scenarios" finished-at="2025-03-18T09:23:07 IST" duration-ms="49469" status="PASS">
          <params>
            <param index="0">
              <value>
                <![CDATA["Providing Valid Information and Submitting the contact form"]]>
              </value>
            </param>
            <param index="1">
              <value>
                <![CDATA["Handling the contactus Functionality"]]>
              </value>
            </param>
          </params>
          <reporter-output>
          </reporter-output>
        </test-method> <!-- runScenario -->
        <test-method signature="runScenario(io.cucumber.testng.PickleWrapper,io.cucumber.testng.FeatureWrapper)[pri:0, instance:registration_runner.LoginRunner@21be3395]" started-at="2025-03-18T09:23:07 IST" name="runScenario" description="Runs Cucumber Scenarios" data-provider="scenarios" finished-at="2025-03-18T09:23:58 IST" duration-ms="51149" status="PASS">
          <params>
            <param index="0">
              <value>
                <![CDATA["Providing Information with missing fields to verify error message"]]>
              </value>
            </param>
            <param index="1">
              <value>
                <![CDATA["Handling the contactus Functionality"]]>
              </value>
            </param>
          </params>
          <reporter-output>
          </reporter-output>
        </test-method> <!-- runScenario -->
        <test-method signature="runScenario(io.cucumber.testng.PickleWrapper,io.cucumber.testng.FeatureWrapper)[pri:0, instance:registration_runner.LoginRunner@21be3395]" started-at="2025-03-18T09:23:58 IST" name="runScenario" description="Runs Cucumber Scenarios" data-provider="scenarios" finished-at="2025-03-18T09:24:28 IST" duration-ms="30514" status="PASS">
          <params>
            <param index="0">
              <value>
                <![CDATA["Subscribing with Valid Email"]]>
              </value>
            </param>
            <param index="1">
              <value>
                <![CDATA["Checking the Subscription Section"]]>
              </value>
            </param>
          </params>
          <reporter-output>
          </reporter-output>
        </test-method> <!-- runScenario -->
        <test-method signature="runScenario(io.cucumber.testng.PickleWrapper,io.cucumber.testng.FeatureWrapper)[pri:0, instance:registration_runner.LoginRunner@21be3395]" started-at="2025-03-18T09:24:28 IST" name="runScenario" description="Runs Cucumber Scenarios" data-provider="scenarios" finished-at="2025-03-18T09:24:59 IST" duration-ms="30930" status="PASS">
          <params>
            <param index="0">
              <value>
                <![CDATA["Tries to Subscribe with InValid Email"]]>
              </value>
            </param>
            <param index="1">
              <value>
                <![CDATA["Checking the Subscription Section"]]>
              </value>
            </param>
          </params>
          <reporter-output>
          </reporter-output>
        </test-method> <!-- runScenario -->
        <test-method is-config="true" signature="tearDownClass()[pri:0, instance:registration_runner.LoginRunner@21be3395]" started-at="2025-03-18T09:24:59 IST" name="tearDownClass" finished-at="2025-03-18T09:24:59 IST" duration-ms="18" status="PASS">
          <reporter-output>
          </reporter-output>
        </test-method> <!-- tearDownClass -->
      </class> <!-- registration_runner.LoginRunner -->
    </test> <!-- Default test -->
  </suite> <!-- Default suite -->
</testng-results>
